<?xml version="1.0" encoding="utf-8"?><testsuites name="pytest tests"><testsuite name="pytest" errors="0" failures="0" skipped="0" tests="7" time="28.813" timestamp="2026-04-10T19:41:10.629201+07:00" hostname="TomPC"><testcase classname="automation-frontoffice-login-guard.TestTcFoGuard01HappyPathRequests" name="test_single_post_not_429" time="2.817" /><testcase classname="automation-frontoffice-login-guard.TestTcFoGuard03RateLimitLogOn" name="test_burst_post_logon_eventually_429_with_retry_after" time="11.878" /><testcase classname="automation-frontoffice-login-guard.TestTcFoGuard04ExternalLogOnNoPerIp" name="test_many_distinct_logins_no_429_from_ip_only" time="4.974" /><testcase classname="automation-frontoffice-login-guard.TestTcFoGuard05BloomPrecheck" name="test_random_login_not_500" time="2.343" /><testcase classname="automation-frontoffice-login-guard.TestTcFoGuard02ExternalLogOnHappySmoke" name="test_external_logon_endpoint_responds" time="1.602" /><testcase classname="automation-frontoffice-login-guard.TestTcFoGuard07AccountContextSwitch" name="test_optional_replay_captured_account_switch_request" time="2.422" /><testcase classname="automation-frontoffice-login-guard.TestTcFoGuard08StartupBloom" name="test_logon_page_loads_after_cold_get" time="2.571" /></testsuite></testsuites>